2019-11-27 14:31:38  INFO [main] (demoTest1.java:38)- ----------this is info messege-------
2019-11-27 14:31:39 FATAL [main] (demoTest1.java:60)- ----------this is fatal messege-------
2019-11-27 14:31:39 ERROR [main] (demoTest1.java:53)- ----------this is error messege-------
2019-11-27 14:33:09 FATAL [main] (demoTest1.java:60)- ----------this is fatal messege-------
2019-11-27 14:33:09 ERROR [main] (demoTest1.java:53)- ----------this is error messege-------
2019-11-27 14:34:58 FATAL [main] (demoTest1.java:58)- ----------this is fatal messege-------
2019-11-27 14:34:58 ERROR [main] (demoTest1.java:51)- ----------this is error messege-------
2019-11-27 14:34:58  INFO [main] (demoTest4.java:18)- ----------this is info messege-------
2019-11-27 14:36:27 FATAL [main] (demoTest1.java:58)- ----------this is fatal messege-------
2019-11-27 14:36:27 ERROR [main] (demoTest1.java:51)- ----------this is error messege-------
2019-11-27 14:50:22 FATAL [main] (demoTest1.java:62)- ----------this is fatal messege-------
2019-11-27 14:50:23 ERROR [main] (demoTest1.java:55)- ----------this is error messege-------
2019-11-27 14:50:23  INFO [main] (demoTest4.java:18)- ----------this is info messege-------
2019-11-27 14:52:17 FATAL [main] (demoTest1.java:62)- ----------this is fatal messege-------
2019-11-27 14:52:17 ERROR [main] (demoTest1.java:55)- ----------this is error messege-------
2019-11-27 14:52:17  INFO [main] (demoTest4.java:18)- ----------this is info messege-------
2019-11-27 14:54:00 FATAL [main] (demoTest1.java:62)- ----------this is fatal messege-------
2019-11-27 14:54:01 ERROR [main] (demoTest1.java:55)- ----------this is error messege-------
2019-11-27 14:57:57  INFO [main] (demoTest1.java:33)- google page opened
2019-11-27 14:57:57 FATAL [main] (demoTest1.java:60)- ----------this is fatal messege-------
2019-11-27 14:57:57 ERROR [main] (demoTest1.java:53)- ----------this is error messege-------
2019-11-27 14:59:01  INFO [main] (demoTest1.java:33)- google page opened
2019-11-27 14:59:01 FATAL [main] (demoTest1.java:60)- ----------this is fatal messege-------
2019-11-27 14:59:01 ERROR [main] (demoTest1.java:53)- ----------this is error messege-------
2019-11-27 15:03:02  INFO [main] (demoTest1.java:33)- google page opened
2019-11-27 15:03:05 FATAL [main] (demoTest1.java:61)- ----------this is fatal messege-------
2019-11-27 15:03:05 ERROR [main] (demoTest1.java:54)- ----------this is error messege-------
2019-11-27 15:03:51  INFO [main] (demoTest1.java:33)- google page opened
2019-11-27 15:03:52 FATAL [main] (demoTest1.java:61)- ----------this is fatal messege-------
2019-11-27 15:03:52 ERROR [main] (demoTest1.java:54)- ----------this is error messege-------
2019-11-27 15:04:37  INFO [main] (demoTest1.java:34)- google page opened
2019-11-27 15:04:37 FATAL [main] (demoTest1.java:62)- ----------this is fatal messege-------
2019-11-27 15:04:37 ERROR [main] (demoTest1.java:55)- ----------this is error messege-------
2019-11-27 15:05:36  INFO [main] (demoTest1.java:36)- google page opened
2019-11-27 15:05:48  INFO [main] (demoTest1.java:36)- google page opened
2019-11-27 15:05:48 FATAL [main] (demoTest1.java:64)- ----------this is fatal messege-------
2019-11-27 15:05:55  INFO [main] (demoTest1.java:36)- google page opened
2019-11-27 15:05:55 ERROR [main] (demoTest1.java:57)- ----------this is error messege-------
2019-11-27 15:06:05  INFO [main] (demoTest1.java:36)- google page opened
2019-11-27 15:22:07  INFO [main] (demoTest1.java:36)- google page opened
2019-11-27 15:22:17  INFO [main] (demoTest1.java:36)- google page opened
2019-11-27 15:22:17 FATAL [main] (demoTest1.java:65)- ----------this is fatal messege-------
2019-11-27 15:22:27  INFO [main] (demoTest1.java:36)- google page opened
2019-11-27 15:22:27 ERROR [main] (demoTest1.java:58)- ----------this is error messege-------
2019-11-27 15:22:36  INFO [main] (demoTest1.java:36)- google page opened
2019-11-27 16:01:17  INFO [main] (demoTest1.java:37)- google page opened
2019-11-27 16:01:25  INFO [main] (demoTest1.java:37)- google page opened
2019-11-27 16:01:25 FATAL [main] (demoTest1.java:59)- ----------this is fatal messege-------
2019-11-27 16:01:34  INFO [main] (demoTest1.java:37)- google page opened
2019-11-27 16:01:34 ERROR [main] (demoTest1.java:52)- ----------this is error messege-------
2019-11-27 16:01:41  INFO [main] (demoTest1.java:37)- google page opened
2019-11-27 16:03:43  INFO [main] (demoTest1.java:37)- google page opened
2019-11-27 16:03:53  INFO [main] (demoTest1.java:37)- google page opened
2019-11-27 16:03:53 FATAL [main] (demoTest1.java:59)- ----------this is fatal messege-------
2019-11-27 16:04:00  INFO [main] (demoTest1.java:37)- google page opened
2019-11-27 16:04:00 ERROR [main] (demoTest1.java:52)- ----------this is error messege-------
2019-11-27 16:04:09  INFO [main] (demoTest1.java:37)- google page opened
2019-11-27 16:04:12  INFO [main] (demoTest4.java:18)- ----------this is info messege-------
2019-11-27 16:07:17  INFO [main] (demoTest1.java:37)- google page opened
2019-11-27 16:07:25  INFO [main] (demoTest1.java:37)- google page opened
2019-11-27 16:07:25 FATAL [main] (demoTest1.java:59)- ----------this is fatal messege-------
2019-11-27 16:07:32  INFO [main] (demoTest1.java:37)- google page opened
2019-11-27 16:07:32 ERROR [main] (demoTest1.java:52)- ----------this is error messege-------
2019-11-27 16:07:40  INFO [main] (demoTest1.java:37)- google page opened
2019-11-27 16:09:29  INFO [main] (demoTest1.java:37)- google page opened
2019-11-27 16:09:36  INFO [main] (demoTest1.java:37)- google page opened
2019-11-27 16:09:36 FATAL [main] (demoTest1.java:59)- ----------this is fatal messege-------
2019-11-27 16:09:44  INFO [main] (demoTest1.java:37)- google page opened
2019-11-27 16:09:44 ERROR [main] (demoTest1.java:52)- ----------this is error messege-------
2019-11-27 16:09:53  INFO [main] (demoTest1.java:37)- google page opened
2019-11-27 16:12:01  INFO [main] (demoTest1.java:37)- google page opened
2019-11-27 16:12:17  INFO [main] (demoTest1.java:37)- google page opened
2019-11-27 16:12:18 FATAL [main] (demoTest1.java:59)- ----------this is fatal messege-------
2019-11-27 16:12:30  INFO [main] (demoTest1.java:37)- google page opened
2019-11-27 16:12:30 ERROR [main] (demoTest1.java:52)- ----------this is error messege-------
2019-11-27 16:12:38  INFO [main] (demoTest1.java:37)- google page opened
2019-11-27 16:15:39  INFO [main] (demoTest1.java:37)- google page opened
2019-11-27 16:15:46  INFO [main] (demoTest1.java:37)- google page opened
2019-11-27 16:15:46 FATAL [main] (demoTest1.java:59)- ----------this is fatal messege-------
2019-11-27 16:15:54  INFO [main] (demoTest1.java:37)- google page opened
2019-11-27 16:15:54 ERROR [main] (demoTest1.java:52)- ----------this is error messege-------
2019-11-27 16:16:03  INFO [main] (demoTest1.java:37)- google page opened
2019-11-27 16:22:07  INFO [main] (demoTest1.java:37)- google page opened
2019-11-27 16:22:17  INFO [main] (demoTest1.java:37)- google page opened
2019-11-27 16:22:18 FATAL [main] (demoTest1.java:59)- ----------this is fatal messege-------
2019-11-27 16:22:29  INFO [main] (demoTest1.java:37)- google page opened
2019-11-27 16:22:29 ERROR [main] (demoTest1.java:52)- ----------this is error messege-------
2019-11-27 16:22:38  INFO [main] (demoTest1.java:37)- google page opened
2019-11-27 16:43:23  INFO [main] (demoTest1.java:37)- google page opened
2019-11-27 16:43:30  INFO [main] (demoTest1.java:37)- google page opened
2019-11-27 16:43:30 FATAL [main] (demoTest1.java:59)- ----------this is fatal messege-------
2019-11-27 16:43:37  INFO [main] (demoTest1.java:37)- google page opened
2019-11-27 16:43:37 ERROR [main] (demoTest1.java:52)- ----------this is error messege-------
2019-11-27 16:45:09  INFO [main] (demoTest1.java:37)- google page opened
2019-11-27 16:45:09  INFO [main] (demoTest4.java:18)- ----------this is info messege-------
2019-11-27 16:46:37  INFO [main] (demoTest1.java:37)- google page opened
2019-11-27 16:46:45  INFO [main] (demoTest1.java:37)- google page opened
2019-11-27 16:46:45 FATAL [main] (demoTest1.java:59)- ----------this is fatal messege-------
2019-11-27 16:46:54  INFO [main] (demoTest1.java:37)- google page opened
2019-11-27 16:46:54 ERROR [main] (demoTest1.java:52)- ----------this is error messege-------
2019-11-27 16:47:03  INFO [main] (demoTest1.java:37)- google page opened
2019-11-28 12:37:39  INFO [main] (demoTest1.java:37)- google page opened
2019-11-28 12:37:47  INFO [main] (demoTest1.java:37)- google page opened
2019-11-28 12:37:47 FATAL [main] (demoTest1.java:59)- ----------this is fatal messege-------
2019-11-28 12:37:57  INFO [main] (demoTest1.java:37)- google page opened
2019-11-28 12:37:57 ERROR [main] (demoTest1.java:52)- ----------this is error messege-------
2019-11-28 12:38:06  INFO [main] (demoTest1.java:37)- google page opened
2019-11-28 12:40:48  INFO [main] (demoTest1.java:37)- google page opened
2019-11-28 12:40:56  INFO [main] (demoTest1.java:37)- google page opened
2019-11-28 12:40:57 FATAL [main] (demoTest1.java:58)- ----------this is fatal messege-------
2019-11-28 12:41:04  INFO [main] (demoTest1.java:37)- google page opened
2019-11-28 12:41:04  INFO [main] (demoTest1.java:52)- ----------this is error messege-------
2019-11-28 12:41:14  INFO [main] (demoTest1.java:37)- google page opened
2019-11-28 13:13:16  INFO [main] (demoTest1.java:37)- google page opened
2019-11-28 13:13:25  INFO [main] (demoTest1.java:37)- google page opened
2019-11-28 13:13:26 FATAL [main] (demoTest1.java:58)- ----------this is fatal messege-------
2019-11-28 13:13:38  INFO [main] (demoTest1.java:37)- google page opened
2019-11-28 13:13:38  INFO [main] (demoTest1.java:52)- ----------this is error messege-------
2019-11-28 13:13:48  INFO [main] (demoTest1.java:37)- google page opened
2019-11-28 14:36:04 FATAL [main] (demoTest1.java:61)- ----------this is fatal messege-------
2019-11-28 14:36:04  INFO [main] (demoTest1.java:53)- ----------this is error messege-------
2019-11-28 14:38:00 FATAL [main] (demoTest1.java:61)- ----------this is fatal messege-------
2019-11-28 14:38:00  INFO [main] (demoTest1.java:53)- ----------this is error messege-------
2019-11-28 14:38:01  INFO [main] (demoTest4.java:18)- ----------this is info messege-------
2019-11-28 14:39:26 FATAL [main] (demoTest1.java:61)- ----------this is fatal messege-------
2019-11-28 14:39:26  INFO [main] (demoTest1.java:53)- ----------this is error messege-------
2019-11-28 14:41:21 FATAL [main] (demoTest1.java:61)- ----------this is fatal messege-------
2019-11-28 14:41:21  INFO [main] (demoTest1.java:53)- ----------this is error messege-------
2019-11-28 14:42:13 FATAL [main] (demoTest1.java:61)- ----------this is fatal messege-------
2019-11-28 14:42:13  INFO [main] (demoTest1.java:53)- ----------this is error messege-------
2019-11-28 14:43:55 FATAL [main] (demoTest1.java:61)- ----------this is fatal messege-------
2019-11-28 14:43:55  INFO [main] (demoTest1.java:53)- ----------this is error messege-------
2019-11-28 14:45:22 FATAL [main] (demoTest1.java:61)- ----------this is fatal messege-------
2019-11-28 14:45:22  INFO [main] (demoTest1.java:53)- ----------this is error messege-------
2019-11-28 14:47:24 FATAL [main] (demoTest1.java:61)- ----------this is fatal messege-------
2019-11-28 14:47:24  INFO [main] (demoTest1.java:53)- ----------this is error messege-------
2019-11-28 14:50:26 FATAL [main] (demoTest1.java:61)- ----------this is fatal messege-------
2019-11-28 14:50:26  INFO [main] (demoTest1.java:53)- ----------this is error messege-------
2019-11-28 14:52:03 FATAL [main] (demoTest1.java:61)- ----------this is fatal messege-------
2019-11-28 14:52:03  INFO [main] (demoTest1.java:53)- ----------this is error messege-------
2019-11-28 14:52:55 FATAL [main] (demoTest1.java:61)- ----------this is fatal messege-------
2019-11-28 14:52:55  INFO [main] (demoTest1.java:53)- ----------this is error messege-------
2019-11-28 14:54:00 FATAL [main] (demoTest1.java:61)- ----------this is fatal messege-------
2019-11-28 14:54:00  INFO [main] (demoTest1.java:53)- ----------this is error messege-------
2019-11-28 14:55:09 FATAL [main] (demoTest1.java:61)- ----------this is fatal messege-------
2019-11-28 14:55:09  INFO [main] (demoTest1.java:53)- ----------this is error messege-------
2019-11-28 15:09:06 FATAL [main] (demoTest1.java:61)- ----------this is fatal messege-------
2019-11-28 15:09:06  INFO [main] (demoTest1.java:53)- ----------this is error messege-------
2019-11-29 11:04:16 FATAL [main] (demoTest1.java:61)- ----------this is fatal messege-------
2019-11-29 11:04:16  INFO [main] (demoTest1.java:53)- ----------this is error messege-------
2019-11-29 11:26:39 FATAL [main] (demoTest1.java:71)- ----------this is fatal messege-------
2019-11-29 11:28:59 FATAL [main] (demoTest1.java:71)- ----------this is fatal messege-------
2019-11-29 11:31:22 FATAL [main] (demoTest1.java:71)- ----------this is fatal messege-------
2019-11-29 11:32:39 FATAL [main] (demoTest1.java:71)- ----------this is fatal messege-------
2019-11-29 11:32:41  INFO [main] (demoTest1.java:54)- ----------Printing the ExcelSheet data-------
2019-11-29 11:32:41  INFO [main] (demoTest1.java:54)- ----------Printing the ExcelSheet data-------
2019-11-29 11:32:41  INFO [main] (demoTest1.java:54)- ----------Printing the ExcelSheet data-------
2019-11-29 11:32:41  INFO [main] (demoTest1.java:54)- ----------Printing the ExcelSheet data-------
2019-11-29 11:32:41  INFO [main] (demoTest1.java:54)- ----------Printing the ExcelSheet data-------
2019-11-29 11:32:41  INFO [main] (demoTest1.java:54)- ----------Printing the ExcelSheet data-------
2019-11-29 11:33:52 FATAL [main] (demoTest1.java:71)- ----------this is fatal messege-------
2019-11-29 11:33:54  INFO [main] (demoTest1.java:54)- ----------Printing the ExcelSheet data-------
2019-11-29 11:33:54  INFO [main] (demoTest1.java:54)- ----------Printing the ExcelSheet data-------
2019-11-29 11:33:54  INFO [main] (demoTest1.java:54)- ----------Printing the ExcelSheet data-------
2019-11-29 11:33:54  INFO [main] (demoTest1.java:54)- ----------Printing the ExcelSheet data-------
2019-11-29 11:33:54  INFO [main] (demoTest1.java:54)- ----------Printing the ExcelSheet data-------
2019-11-29 11:33:54  INFO [main] (demoTest1.java:54)- ----------Printing the ExcelSheet data-------
2019-11-29 11:35:32 DEBUG [main] (demoTest1.java:78)- ----------this is fatal messege-------
2019-11-29 11:35:32 FATAL [main] (demoTest1.java:71)- ----------this is fatal messege-------
2019-11-29 11:35:34  INFO [main] (demoTest1.java:54)- ----------Printing the ExcelSheet data-------
2019-11-29 11:35:34  INFO [main] (demoTest1.java:54)- ----------Printing the ExcelSheet data-------
2019-11-29 11:35:34  INFO [main] (demoTest1.java:54)- ----------Printing the ExcelSheet data-------
2019-11-29 11:35:34  INFO [main] (demoTest1.java:54)- ----------Printing the ExcelSheet data-------
2019-11-29 11:35:34  INFO [main] (demoTest1.java:54)- ----------Printing the ExcelSheet data-------
2019-11-29 11:35:34  INFO [main] (demoTest1.java:54)- ----------Printing the ExcelSheet data-------
2019-11-29 11:37:56 DEBUG [main] (demoTest1.java:78)- ----------this is fatal messege-------
2019-11-29 11:37:56 FATAL [main] (demoTest1.java:71)- ----------this is fatal messege-------
2019-11-29 11:39:09 DEBUG [main] (demoTest1.java:78)- ----------this is fatal messege-------
2019-11-29 11:39:09 FATAL [main] (demoTest1.java:71)- ----------this is fatal messege-------
2019-11-29 11:41:31 DEBUG [main] (demoTest1.java:78)- ----------this is fatal messege-------
2019-11-29 11:41:31 FATAL [main] (demoTest1.java:71)- ----------this is fatal messege-------
2019-11-29 11:41:33  INFO [main] (demoTest1.java:54)- ----------Printing the ExcelSheet data-------
2019-11-29 11:41:33  INFO [main] (demoTest1.java:54)- ----------Printing the ExcelSheet data-------
2019-11-29 11:41:33  INFO [main] (demoTest1.java:54)- ----------Printing the ExcelSheet data-------
2019-11-29 11:41:33  INFO [main] (demoTest1.java:54)- ----------Printing the ExcelSheet data-------
2019-11-29 11:41:33  INFO [main] (demoTest1.java:54)- ----------Printing the ExcelSheet data-------
2019-11-29 11:41:33  INFO [main] (demoTest1.java:54)- ----------Printing the ExcelSheet data-------
2019-11-29 11:47:29 DEBUG [main] (demoTest1.java:78)- ----------this is fatal messege-------
2019-11-29 11:47:29 FATAL [main] (demoTest1.java:71)- ----------this is fatal messege-------
2019-11-29 12:09:06 DEBUG [main] (demoTest1.java:78)- ----------this is fatal messege-------
2019-11-29 12:09:06 FATAL [main] (demoTest1.java:71)- ----------this is fatal messege-------
2019-11-29 12:09:55 DEBUG [main] (demoTest1.java:78)- ----------this is fatal messege-------
2019-11-29 12:09:55 FATAL [main] (demoTest1.java:71)- ----------this is fatal messege-------
2019-11-29 12:09:57  INFO [main] (demoTest1.java:54)- ----------Printing the ExcelSheet data-------
2019-11-29 12:14:52 DEBUG [main] (demoTest1.java:78)- ----------this is fatal messege-------
2019-11-29 12:14:52 FATAL [main] (demoTest1.java:71)- ----------this is fatal messege-------
2019-11-29 12:23:09 DEBUG [main] (demoTest1.java:78)- ----------this is fatal messege-------
2019-11-29 12:23:10 FATAL [main] (demoTest1.java:71)- ----------this is fatal messege-------
2019-11-29 12:23:53 DEBUG [main] (demoTest1.java:78)- ----------this is fatal messege-------
2019-11-29 12:23:53 FATAL [main] (demoTest1.java:71)- ----------this is fatal messege-------
2019-11-29 12:25:45 DEBUG [main] (demoTest1.java:78)- ----------this is fatal messege-------
2019-11-29 12:25:46 FATAL [main] (demoTest1.java:71)- ----------this is fatal messege-------
2019-11-29 12:26:22 DEBUG [main] (demoTest1.java:78)- ----------this is fatal messege-------
2019-11-29 12:26:22 FATAL [main] (demoTest1.java:71)- ----------this is fatal messege-------
2019-11-29 12:26:24  INFO [main] (demoTest1.java:54)- ----------Printing the ExcelSheet data-------
2019-11-29 12:26:24  INFO [main] (demoTest1.java:54)- ----------Printing the ExcelSheet data-------
2019-11-29 12:28:02 DEBUG [main] (demoTest1.java:78)- ----------this is fatal messege-------
2019-11-29 12:28:02 FATAL [main] (demoTest1.java:71)- ----------this is fatal messege-------
2019-11-29 12:36:33 DEBUG [main] (demoTest1.java:78)- ----------this is fatal messege-------
2019-11-29 12:36:33 FATAL [main] (demoTest1.java:71)- ----------this is fatal messege-------
2019-11-29 12:38:00 DEBUG [main] (demoTest1.java:78)- ----------this is fatal messege-------
2019-11-29 12:38:01 FATAL [main] (demoTest1.java:71)- ----------this is fatal messege-------
2019-11-29 12:38:02  INFO [main] (demoTest1.java:54)- ----------Printing the ExcelSheet data-------
2019-11-29 12:38:32 DEBUG [main] (demoTest1.java:78)- ----------this is fatal messege-------
2019-11-29 12:38:32 FATAL [main] (demoTest1.java:71)- ----------this is fatal messege-------
2019-11-29 12:38:34  INFO [main] (demoTest1.java:54)- ----------Printing the ExcelSheet data-------
2019-11-29 12:40:02 DEBUG [main] (demoTest1.java:78)- ----------this is fatal messege-------
2019-11-29 12:40:02 FATAL [main] (demoTest1.java:71)- ----------this is fatal messege-------
2019-11-29 12:40:04  INFO [main] (demoTest1.java:54)- ----------Printing the ExcelSheet data-------
2019-11-29 12:40:04  INFO [main] (demoTest1.java:54)- ----------Printing the ExcelSheet data-------
2019-11-29 12:58:46  INFO [main] (demoTest1.java:44)- freecrm open page opened
2019-11-29 12:58:47  INFO [main] (demoTest1.java:58)- ----------Printing the ExcelSheet data-------
2019-11-29 12:59:26  INFO [main] (demoTest1.java:44)- freecrm open page opened
2019-11-29 12:59:26  INFO [main] (demoTest1.java:58)- ----------Printing the ExcelSheet data-------
2019-11-29 13:01:16  INFO [main] (demoTest1.java:44)- freecrm open page opened
2019-11-29 13:01:17  INFO [main] (demoTest1.java:56)- ----------Printing the ExcelSheet data-------
2019-11-29 13:07:28  INFO [main] (demoTest1.java:42)- freecrm open page opened
2019-11-29 13:07:28  INFO [main] (demoTest1.java:54)- ----------Printing the ExcelSheet data-------
2019-11-29 13:07:50  INFO [main] (demoTest1.java:42)- freecrm open page opened
2019-11-29 13:07:50  INFO [main] (demoTest1.java:54)- ----------Printing the ExcelSheet data-------
2019-11-29 13:10:37  INFO [main] (demoTest1.java:42)- freecrm open page opened
2019-11-29 13:10:37  INFO [main] (demoTest1.java:54)- ----------Printing the ExcelSheet data-------
2019-11-29 13:10:59  INFO [main] (demoTest1.java:42)- freecrm open page opened
2019-11-29 13:10:59  INFO [main] (demoTest1.java:54)- ----------Printing the ExcelSheet data-------
2019-11-29 13:12:18  INFO [main] (demoTest1.java:42)- freecrm open page opened
2019-11-29 13:12:19  INFO [main] (demoTest1.java:54)- ----------Printing the ExcelSheet data-------
2019-11-29 13:12:39  INFO [main] (demoTest1.java:42)- freecrm open page opened
2019-11-29 13:12:39  INFO [main] (demoTest1.java:54)- ----------Printing the ExcelSheet data-------
2019-11-29 13:22:03  INFO [main] (demoTest1.java:42)- freecrm open page opened
2019-11-29 13:22:03  INFO [main] (demoTest1.java:55)- ----------Printing the ExcelSheet data-------
2019-11-29 13:22:27  INFO [main] (demoTest1.java:42)- freecrm open page opened
2019-11-29 13:22:27  INFO [main] (demoTest1.java:55)- ----------Printing the ExcelSheet data-------
2019-11-29 13:22:43  INFO [main] (demoTest1.java:42)- freecrm open page opened
2019-11-29 13:22:43  INFO [main] (demoTest1.java:55)- ----------Printing the ExcelSheet data-------
2019-11-29 13:23:32  INFO [main] (demoTest1.java:42)- freecrm open page opened
2019-11-29 13:23:33  INFO [main] (demoTest1.java:55)- ----------Printing the ExcelSheet data-------
2019-11-29 13:24:06  INFO [main] (demoTest1.java:42)- freecrm open page opened
2019-11-29 13:24:06  INFO [main] (demoTest1.java:55)- ----------Printing the ExcelSheet data-------
2019-11-29 13:24:32  INFO [main] (demoTest1.java:42)- freecrm open page opened
2019-11-29 13:24:32  INFO [main] (demoTest1.java:55)- ----------Printing the ExcelSheet data-------
2019-11-29 13:24:52  INFO [main] (demoTest1.java:42)- freecrm open page opened
2019-11-29 13:24:52  INFO [main] (demoTest1.java:55)- ----------Printing the ExcelSheet data-------
2019-11-29 13:25:56  INFO [main] (demoTest1.java:42)- freecrm open page opened
2019-11-29 13:25:57  INFO [main] (demoTest1.java:55)- ----------Printing the ExcelSheet data-------
2019-11-29 13:26:25  INFO [main] (demoTest1.java:42)- freecrm open page opened
2019-11-29 13:26:25  INFO [main] (demoTest1.java:55)- ----------Printing the ExcelSheet data-------
2019-11-29 13:26:40  INFO [main] (demoTest1.java:42)- freecrm open page opened
2019-11-29 13:26:40  INFO [main] (demoTest1.java:55)- ----------Printing the ExcelSheet data-------
2019-11-29 13:26:57  INFO [main] (demoTest1.java:42)- freecrm open page opened
2019-11-29 13:26:57  INFO [main] (demoTest1.java:55)- ----------Printing the ExcelSheet data-------
2019-11-29 14:24:54  INFO [main] (demoTest1.java:42)- freecrm open page opened
2019-11-29 14:24:55  INFO [main] (demoTest1.java:55)- ----------Printing the ExcelSheet data-------
2019-11-29 14:25:43  INFO [main] (demoTest1.java:42)- freecrm open page opened
2019-11-29 14:25:43  INFO [main] (demoTest1.java:55)- ----------Printing the ExcelSheet data-------
2019-11-29 14:25:59  INFO [main] (demoTest1.java:42)- freecrm open page opened
2019-11-29 14:25:59  INFO [main] (demoTest1.java:55)- ----------Printing the ExcelSheet data-------
2019-11-29 14:26:17  INFO [main] (demoTest1.java:42)- freecrm open page opened
2019-11-29 14:26:17  INFO [main] (demoTest1.java:55)- ----------Printing the ExcelSheet data-------
2019-11-29 14:30:43  INFO [main] (demoTest1.java:42)- freecrm open page opened
2019-11-29 14:30:44  INFO [main] (demoTest1.java:54)- ----------Printing the ExcelSheet data-------
2019-11-29 14:31:09  INFO [main] (demoTest1.java:42)- freecrm open page opened
2019-11-29 14:31:09  INFO [main] (demoTest1.java:54)- ----------Printing the ExcelSheet data-------
2019-11-29 14:31:24  INFO [main] (demoTest1.java:42)- freecrm open page opened
2019-11-29 14:31:24  INFO [main] (demoTest1.java:54)- ----------Printing the ExcelSheet data-------
2019-11-29 14:31:38  INFO [main] (demoTest1.java:42)- freecrm open page opened
2019-11-29 14:31:38  INFO [main] (demoTest1.java:54)- ----------Printing the ExcelSheet data-------
2019-11-29 14:33:02  INFO [main] (demoTest1.java:42)- freecrm open page opened
2019-11-29 14:33:03  INFO [main] (demoTest1.java:54)- ----------Printing the ExcelSheet data-------
2019-11-29 14:33:25  INFO [main] (demoTest1.java:42)- freecrm open page opened
2019-11-29 14:33:25  INFO [main] (demoTest1.java:54)- ----------Printing the ExcelSheet data-------
2019-11-29 14:33:48  INFO [main] (demoTest1.java:42)- freecrm open page opened
2019-11-29 14:33:48  INFO [main] (demoTest1.java:54)- ----------Printing the ExcelSheet data-------
2019-11-29 14:34:13  INFO [main] (demoTest1.java:42)- freecrm open page opened
2019-11-29 14:34:13  INFO [main] (demoTest1.java:54)- ----------Printing the ExcelSheet data-------
2019-11-29 14:36:04  INFO [main] (demoTest1.java:42)- freecrm open page opened
2019-11-29 14:36:05  INFO [main] (demoTest1.java:54)- ----------Printing the ExcelSheet data-------
2019-11-29 14:36:25  INFO [main] (demoTest1.java:42)- freecrm open page opened
2019-11-29 14:36:25  INFO [main] (demoTest1.java:54)- ----------Printing the ExcelSheet data-------
2019-11-29 14:57:13  INFO [main] (demoTest1.java:42)- freecrm open page opened
2019-11-29 14:57:13  INFO [main] (demoTest1.java:54)- ----------Printing the ExcelSheet data-------
2019-11-29 14:57:35  INFO [main] (demoTest1.java:42)- freecrm open page opened
2019-11-29 14:57:35  INFO [main] (demoTest1.java:54)- ----------Printing the ExcelSheet data-------
2019-11-29 14:59:11  INFO [main] (demoTest1.java:42)- freecrm open page opened
2019-11-29 14:59:12  INFO [main] (demoTest1.java:54)- ----------Printing the ExcelSheet data-------
2019-11-29 14:59:42  INFO [main] (demoTest1.java:42)- freecrm open page opened
2019-11-29 14:59:42  INFO [main] (demoTest1.java:54)- ----------Printing the ExcelSheet data-------
2019-11-29 15:04:53  INFO [main] (demoTest1.java:42)- freecrm open page opened
2019-11-29 15:04:53  INFO [main] (demoTest1.java:54)- ----------Printing the ExcelSheet data-------
2019-11-29 15:05:20  INFO [main] (demoTest1.java:42)- freecrm open page opened
2019-11-29 15:05:20  INFO [main] (demoTest1.java:54)- ----------Printing the ExcelSheet data-------
2019-11-29 15:06:05  INFO [main] (demoTest1.java:42)- freecrm open page opened
2019-11-29 15:06:06  INFO [main] (demoTest1.java:54)- ----------Printing the ExcelSheet data-------
2019-11-29 15:06:29  INFO [main] (demoTest1.java:42)- freecrm open page opened
2019-11-29 15:06:29  INFO [main] (demoTest1.java:54)- ----------Printing the ExcelSheet data-------
2019-11-29 15:07:52  INFO [main] (demoTest1.java:43)- freecrm open page opened
2019-11-29 15:07:52  INFO [main] (demoTest1.java:55)- ----------Printing the ExcelSheet data-------
2019-11-29 15:08:31  INFO [main] (demoTest1.java:43)- freecrm open page opened
2019-11-29 15:08:31  INFO [main] (demoTest1.java:55)- ----------Printing the ExcelSheet data-------
2019-11-29 15:08:58  INFO [main] (demoTest1.java:43)- freecrm open page opened
2019-11-29 15:08:58  INFO [main] (demoTest1.java:55)- ----------Printing the ExcelSheet data-------
2019-12-03 09:58:24  INFO [main] (demoTest1.java:43)- freecrm open page opened
2019-12-03 09:58:25  INFO [main] (demoTest1.java:55)- ----------Printing the ExcelSheet data-------
2019-12-03 09:58:49  INFO [main] (demoTest1.java:43)- freecrm open page opened
2019-12-03 09:58:50  INFO [main] (demoTest1.java:55)- ----------Printing the ExcelSheet data-------
2019-12-06 11:58:50  INFO [main] (demoTest1.java:47)- freecrm open page opened
2019-12-06 11:59:05  INFO [main] (demoTest1.java:47)- freecrm open page opened
2019-12-06 12:00:09  INFO [main] (demoTest1.java:47)- freecrm open page opened
2019-12-06 12:00:09  INFO [main] (demoTest1.java:59)- ----------Printing the ExcelSheet data-------
2019-12-06 12:00:29  INFO [main] (demoTest1.java:47)- freecrm open page opened
2019-12-06 12:00:29  INFO [main] (demoTest1.java:59)- ----------Printing the ExcelSheet data-------
